<?xml version="1.0" encoding="UTF-8"?>
<!-- Generated by org.testng.reporters.JUnitReportReporter -->
<testsuite name="testCases.CAUniCentre.Login_Sucessful" tests="1" time="5.391" ignored="0" failures="0" timestamp="05 Dec 2019 07:24:31 GMT" skipped="0" hostname="LAP06589" errors="0">
  <testcase name="Login_Sucessful" time="5.391" classname="testCases.CAUniCentre.Login_Sucessful"/>
</testsuite> <!-- testCases.CAUniCentre.Login_Sucessful -->
