<?xml version="1.0" encoding="UTF-8"?>
<!-- Generated by org.testng.reporters.JUnitReportReporter -->
<testsuite name="sanlam.GTI.WebCatcher" tests="1" time="2.405" ignored="0" failures="0" timestamp="25 Aug 2019 07:31:46 GMT" skipped="0" hostname="LAP13783" errors="0">
  <testcase name="test_get_response" time="2.405" classname="sanlam.GTI.WebCatcher"/>
</testsuite> <!-- sanlam.GTI.WebCatcher -->
