<?xml version="1.0" encoding="UTF-8"?>
<!-- Generated by org.testng.reporters.JUnitReportReporter -->
<testsuite name="sanlam.GTI.SapDs" tests="2" time="7.533" ignored="0" failures="0" timestamp="28 Oct 2019 19:08:18 GMT" skipped="0" hostname="LAP13783" errors="0">
  <testcase name="launchWebApp" time="1.048" classname="sanlam.GTI.SapDs"/>
  <testcase name="loginDS" time="6.485" classname="sanlam.GTI.SapDs"/>
</testsuite> <!-- sanlam.GTI.SapDs -->
