<?xml version="1.0" encoding="UTF-8"?>
<!-- Generated by org.testng.reporters.JUnitReportReporter -->
<testsuite name="sanlam.GTI.TestNGClassName" tests="4" time="0.009" ignored="0" failures="0" timestamp="22 Aug 2019 09:37:39 GMT" skipped="0" hostname="LAP13783" errors="0">
  <testcase name="systemOutJUnitTest" time="0.001" classname="sanlam.GTI.TestNGClassName"/>
  <testcase name="f" time="0.002" classname="sanlam.GTI.TestNGClassName"/>
  <testcase name="f" time="0.004" classname="sanlam.GTI.TestNGClassName"/>
  <testcase name="systemOutTestNGTest" time="0.002" classname="sanlam.GTI.TestNGClassName"/>
</testsuite> <!-- sanlam.GTI.TestNGClassName -->
