<?xml version="1.0" encoding="UTF-8"?>
<!-- Generated by org.testng.reporters.JUnitReportReporter -->
<testsuite name="sanlam.GTI.TestNGExample3" tests="2" time="0.020" ignored="0" failures="0" timestamp="23 Aug 2019 11:17:56 GMT" skipped="0" hostname="LAP13783" errors="0">
  <testcase name="systemOutTestNGTest" time="0.017" classname="sanlam.GTI.TestNGExample3"/>
  <testcase name="testPropertiesFile" time="0.003" classname="sanlam.GTI.TestNGExample3"/>
</testsuite> <!-- sanlam.GTI.TestNGExample3 -->
