<?xml version="1.0" encoding="UTF-8"?>
<!-- Generated by org.testng.reporters.JUnitReportReporter -->
<testsuite name="coreDrivers.TestDriver" tests="1" time="4.261" ignored="0" failures="0" timestamp="11 Feb 2020 14:27:37 GMT" skipped="0" hostname="LAP13783" errors="0">
  <testcase name="anyname1" time="4.261" classname="coreDrivers.TestDriver"/>
</testsuite> <!-- coreDrivers.TestDriver -->
