<?xml version="1.0" encoding="UTF-8"?>
<!-- Generated by org.testng.reporters.JUnitReportReporter -->
<testsuite name="coreDrivers.ComponentDriver" tests="1" time="4.528" ignored="0" failures="0" timestamp="05 Feb 2020 12:25:33 GMT" skipped="0" hostname="LAP06589" errors="0">
  <testcase name="driver" time="4.528" classname="coreDrivers.ComponentDriver"/>
</testsuite> <!-- coreDrivers.ComponentDriver -->
