<?xml version="1.0" encoding="UTF-8"?>
<!-- Generated by org.testng.reporters.JUnitReportReporter -->
<testsuite name="sanlam.GTI.EgRestAssured_HasCode_Jersey" tests="1" time="2.293" ignored="0" failures="0" timestamp="26 Aug 2019 09:01:54 GMT" skipped="0" hostname="LAP13783" errors="0">
  <testcase name="test_get_response" time="2.293" classname="sanlam.GTI.EgRestAssured_HasCode_Jersey"/>
</testsuite> <!-- sanlam.GTI.EgRestAssured_HasCode_Jersey -->
