<?xml version="1.0" encoding="UTF-8"?>
<!-- Generated by org.testng.reporters.JUnitReportReporter -->
<testsuite name="sanlam.GTI.LaunchCAUnicentre" tests="1" time="16.931" ignored="0" failures="0" timestamp="08 Oct 2019 12:26:38 GMT" skipped="0" hostname="LAP13783" errors="0">
  <testcase name="launchWebApp" time="16.931" classname="sanlam.GTI.LaunchCAUnicentre"/>
</testsuite> <!-- sanlam.GTI.LaunchCAUnicentre -->
