<?xml version="1.0" encoding="UTF-8"?>
<!-- Generated by org.testng.reporters.JUnitReportReporter -->
<testsuite name="TestDriver.TestDriver_UI" tests="3" time="8.016" ignored="0" failures="0" timestamp="01 Apr 2020 12:10:52 GMT" skipped="0" hostname="LAP08565" errors="0">
  <testcase name="Year25LongService" time="0.767" classname="TestDriver.TestDriver_UI"/>
  <testcase name="Baby_Birth_Certificate" time="0.846" classname="TestDriver.TestDriver_UI"/>
  <testcase name="AccesCard_Deductions" time="6.403" classname="TestDriver.TestDriver_UI"/>
</testsuite> <!-- TestDriver.TestDriver_UI -->
