<?xml version="1.0" encoding="UTF-8"?>
<!-- Generated by org.testng.reporters.JUnitReportReporter -->
<testsuite name="sanlam.GTI.EgRestAssured_HasCode_Jersey" tests="2" time="2.022" ignored="0" failures="0" timestamp="24 Aug 2019 11:29:12 GMT" skipped="0" hostname="LAP13783" errors="0">
  <testcase name="test_get_response" time="2.001" classname="sanlam.GTI.EgRestAssured_HasCode_Jersey"/>
  <testcase name="testOutput" time="0.021" classname="sanlam.GTI.EgRestAssured_HasCode_Jersey"/>
</testsuite> <!-- sanlam.GTI.EgRestAssured_HasCode_Jersey -->
