<?xml version="1.0" encoding="UTF-8"?>
<!-- Generated by org.testng.reporters.JUnitReportReporter -->
<testsuite name="sanlam.GTI.TestNGSimple" tests="1" time="0.001" ignored="0" failures="0" timestamp="22 Aug 2019 13:51:21 GMT" skipped="0" hostname="LAP13783" errors="0">
  <testcase name="systemOutTestNG" time="0.001" classname="sanlam.GTI.TestNGSimple"/>
</testsuite> <!-- sanlam.GTI.TestNGSimple -->
