<?xml version="1.0" encoding="UTF-8"?>
<!-- Generated by org.testng.reporters.JUnitReportReporter -->
<testsuite name="testCases.CAUniCentre.Driver" tests="1" time="0.000" ignored="0" failures="0" timestamp="11 Dec 2019 11:12:30 GMT" skipped="1" hostname="LAP06589" errors="0">
  <testcase name="driver" time="0.000" classname="testCases.CAUniCentre.Driver">
    <skipped/>
  </testcase> <!-- driver -->
</testsuite> <!-- testCases.CAUniCentre.Driver -->
