<?xml version="1.0" encoding="UTF-8"?>
<!-- Generated by org.testng.reporters.JUnitReportReporter -->
<testsuite name="coreDrivers.Driver" tests="1" time="0.004" ignored="0" failures="0" timestamp="05 Feb 2020 10:04:13 GMT" skipped="0" hostname="LAP06589" errors="0">
  <testcase name="driver" time="0.004" classname="coreDrivers.Driver"/>
</testsuite> <!-- coreDrivers.Driver -->
