<?xml version="1.0" encoding="UTF-8"?>
<!-- Generated by org.testng.reporters.JUnitReportReporter -->
<testsuite name="resources.drivers.TestCases" tests="1" time="0.561" ignored="0" failures="0" timestamp="05 Feb 2020 11:20:46 GMT" skipped="0" hostname="LAP06589" errors="0">
  <testcase name="Login_Sucessful" time="0.561" classname="resources.drivers.TestCases"/>
</testsuite> <!-- resources.drivers.TestCases -->
