<?xml version="1.0" encoding="UTF-8"?>
<!-- Generated by org.testng.reporters.JUnitReportReporter -->
<testsuite name="sanlam.GTI.EgRestAssured_WebCatcher" tests="1" time="1.681" ignored="0" failures="0" timestamp="26 Aug 2019 18:24:40 GMT" skipped="0" hostname="LAP13783" errors="0">
  <testcase name="test_get_response" time="1.681" classname="sanlam.GTI.EgRestAssured_WebCatcher"/>
</testsuite> <!-- sanlam.GTI.EgRestAssured_WebCatcher -->
