<?xml version="1.0" encoding="UTF-8"?>
<!-- Generated by org.testng.reporters.JUnitReportReporter -->
<testsuite name="sanlam.GTI.TestNGSeleniumGoogle" tests="2" time="2.798" ignored="0" failures="0" timestamp="28 Oct 2019 15:28:09 GMT" skipped="0" hostname="LAP13783" errors="0">
  <testcase name="searchGoogle" time="0.253" classname="sanlam.GTI.TestNGSeleniumGoogle"/>
  <testcase name="launchWebApp" time="2.545" classname="sanlam.GTI.TestNGSeleniumGoogle"/>
</testsuite> <!-- sanlam.GTI.TestNGSeleniumGoogle -->
