<?xml version="1.0" encoding="UTF-8"?>
<!-- Generated by org.testng.reporters.JUnitReportReporter -->
<testsuite name="coreDrivers.TestDriver" tests="1" time="0.633" ignored="0" failures="0" timestamp="19 Mar 2020 07:20:38 GMT" skipped="0" hostname="LAP08565" errors="0">
  <testcase name="Sending_Request" time="0.633" classname="coreDrivers.TestDriver"/>
</testsuite> <!-- coreDrivers.TestDriver -->
