<?xml version="1.0" encoding="UTF-8"?>
<!-- Generated by org.testng.reporters.JUnitReportReporter -->
<testsuite name="coreDrivers.TestDriver_UI" tests="1" time="0.550" ignored="0" failures="0" timestamp="19 Mar 2020 07:20:59 GMT" skipped="0" hostname="LAP08565" errors="0">
  <testcase name="Login_Sucessful" time="0.550" classname="coreDrivers.TestDriver_UI"/>
</testsuite> <!-- coreDrivers.TestDriver_UI -->
