<?xml version="1.0" encoding="UTF-8"?>
<!-- Generated by org.testng.reporters.JUnitReportReporter -->
<testsuite name="sanlam.GTI.TestNGExample2" tests="1" time="0.001" ignored="0" failures="0" timestamp="23 Aug 2019 10:53:17 GMT" skipped="0" hostname="LAP13783" errors="0">
  <testcase name="systemOutTestNGTest" time="0.001" classname="sanlam.GTI.TestNGExample2"/>
</testsuite> <!-- sanlam.GTI.TestNGExample2 -->
