<?xml version="1.0" encoding="UTF-8"?>
<!-- Generated by org.testng.reporters.JUnitReportReporter -->
<testsuite name="testCases.CAUniCentre.Login_SucessfulCA" tests="1" time="0.009" ignored="0" failures="0" timestamp="31 Oct 2019 14:22:59 GMT" skipped="1" hostname="LAP13783" errors="0">
  <testcase name="Login_Sucessful" time="0.009" classname="testCases.CAUniCentre.Login_SucessfulCA">
    <skipped/>
  </testcase> <!-- Login_Sucessful -->
</testsuite> <!-- testCases.CAUniCentre.Login_SucessfulCA -->
