<?xml version="1.0" encoding="UTF-8"?>
<!-- Generated by org.testng.reporters.JUnitReportReporter -->
<testsuite name="sanlam.GTI.GoogleClickThrough" tests="2" time="3.330" ignored="0" failures="0" timestamp="23 Aug 2019 14:03:50 GMT" skipped="0" hostname="LAP13783" errors="0">
  <testcase name="launchWebApp" time="2.951" classname="sanlam.GTI.GoogleClickThrough"/>
  <testcase name="searchGoogle" time="0.379" classname="sanlam.GTI.GoogleClickThrough"/>
</testsuite> <!-- sanlam.GTI.GoogleClickThrough -->
