<?xml version="1.0" encoding="UTF-8"?>
<!-- Generated by org.testng.reporters.JUnitReportReporter -->
<testsuite name="sanlam.GTI.TestNGExample1" tests="1" time="0.011" ignored="0" failures="0" timestamp="03 Sep 2019 14:37:18 GMT" skipped="0" hostname="LAP13783" errors="0">
  <testcase name="systemOutTestNGTest" time="0.011" classname="sanlam.GTI.TestNGExample1"/>
</testsuite> <!-- sanlam.GTI.TestNGExample1 -->
